发布操作=======================@ + data
正在准备目录
准备发布服务
2017年 9月 2日 星期六 17时14分49秒 CST
发布操作=======================@ + date
发布操作=======================@
发布操作=======================@.date
date
2017年 9月 2日 星期六 17时17分01秒 CST
2017年 9月 2日 星期六 17时17分15秒 CST
发布操作=======================@
{发布操作=======================@date}
date
发布操作=======================@date
发布操作=======================@
发布操作=======================@
发布操作=======================
date
正在准备目录
准备发布服务
发布操作=======================
date
正在准备目录
准备发布服务
发布操作=======================
date
正在准备目录
准备发布服务
发布操作=======================
date
正在准备目录
准备发布服务
发布操作=======================
date
正在准备目录
准备发布服务
发布操作=======================
date
正在准备目录
准备发布服务
发布操作=======================
date
正在准备目录
准备发布服务
发布操作=======================
date
正在准备目录
准备发布服务
发布操作=======================
date
正在准备目录
准备发布服务
发布操作=======================
date
正在准备目录
准备发布服务
发布操作=======================
date
正在准备目录
准备发布服务
发布操作=======================
date
正在准备目录
准备发布服务
发布操作=======================
date
正在准备目录
发布操作=======================
date
正在准备目录
发布操作=======================
date
正在准备目录
发布操作=======================
date
正在准备目录
发布操作=======================
date
正在准备目录
发布操作=======================
date
正在准备目录
发布操作=======================
date
正在准备目录
发布操作=======================
date
正在准备目录
发布操作=======================
date
正在准备目录
准备发布服务
发布操作=======================
date
正在准备目录
准备发布服务
发布操作=======================
date
正在准备目录
准备发布服务
发布操作=======================
date
正在准备目录
准备发布服务
发布操作=======================
date
正在准备目录
准备发布服务
发布操作=======================
date
正在准备目录
准备发布服务
发布操作=======================
date
正在准备目录
准备发布服务
发布操作=======================
date
正在准备目录
准备发布服务
发布操作=======================
date
正在准备目录
准备发布服务
发布操作=======================
date
正在准备目录
准备发布服务
发布操作=======================
date
正在准备目录
准备发布服务
发布操作=======================
date
正在准备目录
准备发布服务
发布操作=======================
date
正在准备目录
准备发布服务
发布操作=======================
date
正在准备目录
准备发布服务
发布操作=======================
date
正在准备目录
准备发布服务
发布操作=======================
date
正在准备目录
准备发布服务
发布操作=======================
date
正在准备目录
准备发布服务
发布操作=======================
date
正在准备目录
准备发布服务
发布操作=======================
date
正在准备目录
准备发布服务
发布操作=======================
date
正在准备目录
准备发布服务
发布操作=======================
date
正在准备目录
准备发布服务
发布操作=======================
date
正在准备目录
准备发布服务
发布操作=======================
date
正在准备目录
准备发布服务
发布操作=======================
date
正在准备目录
准备发布服务
发布操作=======================
date
正在准备目录
准备发布服务
发布操作=======================
date
正在准备目录
准备发布服务
发布操作=======================
date
正在准备目录
准备发布服务
发布操作=======================
date
正在准备目录
准备发布服务
